  INFO root [0x00000768] [2025-07-07 12:59:05,400] - 
  INFO root [0x00000768] [2025-07-07 12:59:05,403] - -----------------------------------------------------------------------------------------


  INFO root [0x00000768] [2025-07-07 12:59:05,405] - Resmgr::initialize: KBE_ROOT=E:/_chuangye/learn_server/kbengine-2.5.12/kbengine-2.5.12/
  INFO root [0x00000768] [2025-07-07 12:59:05,405] - Resmgr::initialize: KBE_RES_PATH=E:/_chuangye/learn_server/kbengine-2.5.12/kbengine-2.5.12/kbe/res/;E:/_chuangye/learn_server/kbengine-2.5.12/kbengine-2.5.12/server_assets_1/;E:/_chuangye/learn_server/kbengine-2.5.12/kbengine-2.5.12/server_assets_1/scripts/;E:/_chuangye/learn_server/kbengine-2.5.12/kbengine-2.5.12/server_assets_1/res/
  INFO root [0x00000768] [2025-07-07 12:59:05,406] - Resmgr::initialize: KBE_BIN_PATH=E:/_chuangye/learn_server/kbengine-2.5.12/kbengine-2.5.12/kbe/bin/server/
  INFO root [0x00000768] [2025-07-07 12:59:05,443] - NetworkInterface::initialize(INTERNAL-TCP): bound to all interfaces with default route interface on 192.168.1.5 ( 192.168.1.5:52409 )
  INFO root [0x00000768] [2025-07-07 12:59:05,445] - NetworkInterface::initialize(INTERNAL-TCP): address 192.168.1.5:52409, SOMAXCONN=511.
  INFO root [0x00000768] [2025-07-07 12:59:05,446] - server-configs:
  INFO root [0x00000768] [2025-07-07 12:59:05,446] - 	gameUpdateHertz : 10
  INFO root [0x00000768] [2025-07-07 12:59:05,446] - 	defaultViewRadius : 80
  INFO root [0x00000768] [2025-07-07 12:59:05,447] - 	defaultViewHysteresisArea : 5
  INFO root [0x00000768] [2025-07-07 12:59:05,447] - 	entryScriptFile : kbemain
  INFO root [0x00000768] [2025-07-07 12:59:05,447] - 	internalTcpAddr : 192.168.1.5:52409
  INFO root [0x00000768] [2025-07-07 12:59:05,447] - 	componentID : 8001
  INFO root [0x00000768] [2025-07-07 12:59:06,007] - Components::findLogger: found logger, addr:192.168.1.5:52406
  INFO root [0x00000768] [2025-07-07 12:59:06,008] - Components::addComponent: reset orderLog, uid=59798!
  INFO root [0x00000768] [2025-07-07 12:59:06,009] - Components::addComponent[logger], uid=59798, componentID=2000, globalorderid=1, grouporderid=1, totalcount=1
  INFO root [0x00000768] [2025-07-07 12:59:06,016] - ---- cellapp Version: 2.5.10. ScriptVersion: 0.1.0. Pythoncore: 3.7.3. Protocol: 4478E9BD24C10143131E32BB1D739ABD. Config: Debug X64. Built: 09:29:06 Jun  8 2025. AppID: 8001. UID: 59798. PID: 12000 ----
  INFO root [0x00000768] [2025-07-07 12:59:06,016] - Server Administrator:         Intel(R) Core(TM) i7-2600 CPU @ 3.40GHz with 33535220kB RAM
  INFO root [0x00000768] [2025-07-07 12:59:06,017] - ThreadPool::createThreadPool: creating  threadpool...
  INFO root [0x00000768] [2025-07-07 12:59:06,018] - ThreadPool::createThreadPool: successfully(2), newThreadCount=1, normalMaxThreadCount=2, maxThreadCount=8
  INFO root [0x00000768] [2025-07-07 12:59:06,329] - Script::install(): is successfully, Python=(3.7.3 (default, Jun  8 2025, 09:25:47) [MSC v.1929 64 bit (AMD64)])!
  INFO root [0x00000768] [2025-07-07 12:59:06,329] - Script::install(): KBExtra is successfully!
  INFO root [0x00000768] [2025-07-07 12:59:06,441] - TelnetServer server is running on port 50000
  INFO root [0x00000768] [2025-07-07 12:59:06,958] - ---- cellapp is running ----
 DEBUG root [0x00000768] [2025-07-07 12:59:06,959] - Components::process(): Request for the process of identity...
  WARN root [0x00000768] [2025-07-07 12:59:13,116] - Forwarding logs to logger[192.168.1.5:52406/0/0/0]...
 ERROR root [0x00000768] [2025-07-07 12:59:33,999] - Components::removeComponentByChannel: logger : 2000, Abnormal exit(reason=TCPPacketReceiver::processRecv(): error=10054
)! Channel(timestamp=28730916390, lastReceivedTime=28637670927, inactivityExceptionPeriod=199727742)
   OFF root [0x00000768] [2025-07-07 12:59:34,015] - The following logs sent to logger failed:
  WARN root [0x00000768] [2025-07-07 12:59:34,016] - ==> [2025-07-07 12:59:33 997] TCPPacketReceiver::processPendingEvents(192.168.1.5:52406): Throwing REASON_GENERAL_NETWORK - WSAECONNRESET
 ERROR root [0x00000768] [2025-07-07 12:59:34,016] - ==> [2025-07-07 12:59:34 000] Components::removeComponentByChannel: logger : 2000, Abnormal exit(reason=TCPPacketReceiver::processRecv(): error=10054
)! Channel(timestamp=28730916390, lastReceivedTime=28637670927, inactivityExceptionPeriod=199727742)
  WARN root [0x00000768] [2025-07-07 12:59:34,133] - TCPPacketReceiver::processPendingEvents(192.168.1.5:52410): Throwing REASON_GENERAL_NETWORK - WSAECONNRESET
 ERROR root [0x00000768] [2025-07-07 12:59:34,135] - Components::removeComponentByChannel: dbmgr : 4000, Abnormal exit(reason=TCPPacketReceiver::processRecv(): error=10054
)! Channel(timestamp=28731369390, lastReceivedTime=28696207820, inactivityExceptionPeriod=199727742)
  INFO root [0x00000768] [2025-07-07 12:59:34,145] - Shutdowner::onShutdownBegin: shutting down(period=0, tickPeriod=1)
  INFO root [0x00000768] [2025-07-07 12:59:34,150] - Shutdowner::onShutdown: shutting down
  INFO root [0x00000768] [2025-07-07 12:59:34,150] - Shutdowner::onShutdownEnd: shutting down
 DEBUG root [0x00000768] [2025-07-07 12:59:34,151] - EntityRef::destroyObjPool(): size 0.
 DEBUG root [0x00000768] [2025-07-07 12:59:34,151] - Witness::destroyObjPool(): size 0.
  INFO root [0x00000768] [2025-07-07 12:59:34,176] - Script::uninstall(): is successfully!
 DEBUG root [0x00000768] [2025-07-07 12:59:34,176] - ThreadPool::destroy(): starting size 2.
  WARN root [0x00000768] [2025-07-07 12:59:34,476] - ThreadPool::destroy(): waiting for thread(2)[0x4eeb80,0x4eeae0,], try=1
